
*** Running vivado
    with args -log arpeggiator.vds -m64 -product Vivado -mode batch -messageDb vivado.pb -notrace -source arpeggiator.tcl


****** Vivado v2017.2 (64-bit)
  **** SW Build 1909853 on Thu Jun 15 18:39:10 MDT 2017
  **** IP Build 1909766 on Thu Jun 15 19:58:00 MDT 2017
    ** Copyright 1986-2017 Xilinx, Inc. All Rights Reserved.

source arpeggiator.tcl -notrace
Command: synth_design -top arpeggiator -part xc7a100tcsg324-1
Starting synth_design
Attempting to get a license for feature 'Synthesis' and/or device 'xc7a100t-csg324'
INFO: [Common 17-349] Got license for feature 'Synthesis' and/or device 'xc7a100t-csg324'
INFO: Launching helper process for spawning children vivado processes
INFO: Helper process launched with PID 20271 
---------------------------------------------------------------------------------
Starting RTL Elaboration : Time (s): cpu = 00:00:03 ; elapsed = 00:00:04 . Memory (MB): peak = 1189.461 ; gain = 67.000 ; free physical = 1171 ; free virtual = 4010
---------------------------------------------------------------------------------
INFO: [Synth 8-638] synthesizing module 'arpeggiator' [/home/matthew/Matthew/UCT/2020/Embedded3/Embedded_Prac5/arpeggiator/arpeggiator.srcs/sources_1/new/arpeggiator.v:23]
INFO: [Synth 8-638] synthesizing module 'blk_mem_gen_0' [/home/matthew/Matthew/UCT/2020/Embedded3/Embedded_Prac5/arpeggiator/arpeggiator.runs/synth_1/.Xil/Vivado-20262-linux/realtime/blk_mem_gen_0_stub.v:6]
INFO: [Synth 8-256] done synthesizing module 'blk_mem_gen_0' (1#1) [/home/matthew/Matthew/UCT/2020/Embedded3/Embedded_Prac5/arpeggiator/arpeggiator.runs/synth_1/.Xil/Vivado-20262-linux/realtime/blk_mem_gen_0_stub.v:6]
INFO: [Synth 8-638] synthesizing module 'pwm_module' [/home/matthew/Matthew/UCT/2020/Embedded3/Embedded_Prac5/arpeggiator/arpeggiator.srcs/sources_1/new/PWM.v:23]
INFO: [Synth 8-256] done synthesizing module 'pwm_module' (2#1) [/home/matthew/Matthew/UCT/2020/Embedded3/Embedded_Prac5/arpeggiator/arpeggiator.srcs/sources_1/new/PWM.v:23]
WARNING: [Synth 8-3848] Net LED in module/entity arpeggiator does not have driver. [/home/matthew/Matthew/UCT/2020/Embedded3/Embedded_Prac5/arpeggiator/arpeggiator.srcs/sources_1/new/arpeggiator.v:30]
INFO: [Synth 8-256] done synthesizing module 'arpeggiator' (3#1) [/home/matthew/Matthew/UCT/2020/Embedded3/Embedded_Prac5/arpeggiator/arpeggiator.srcs/sources_1/new/arpeggiator.v:23]
WARNING: [Synth 8-3917] design arpeggiator has port AUD_SD driven by constant 1
WARNING: [Synth 8-3331] design arpeggiator has unconnected port LED[2]
WARNING: [Synth 8-3331] design arpeggiator has unconnected port LED[1]
WARNING: [Synth 8-3331] design arpeggiator has unconnected port LED[0]
WARNING: [Synth 8-3331] design arpeggiator has unconnected port BTNL
---------------------------------------------------------------------------------
Finished RTL Elaboration : Time (s): cpu = 00:00:04 ; elapsed = 00:00:05 . Memory (MB): peak = 1229.961 ; gain = 107.500 ; free physical = 1181 ; free virtual = 4022
---------------------------------------------------------------------------------

Report Check Netlist: 
+------+------------------+-------+---------+-------+------------------+
|      |Item              |Errors |Warnings |Status |Description       |
+------+------------------+-------+---------+-------+------------------+
|1     |multi_driven_nets |      0|        0|Passed |Multi driven nets |
+------+------------------+-------+---------+-------+------------------+
---------------------------------------------------------------------------------
Finished RTL Optimization Phase 1 : Time (s): cpu = 00:00:04 ; elapsed = 00:00:05 . Memory (MB): peak = 1229.961 ; gain = 107.500 ; free physical = 1181 ; free virtual = 4022
---------------------------------------------------------------------------------
INFO: [Device 21-403] Loading part xc7a100tcsg324-1
INFO: [Project 1-570] Preparing netlist for logic optimization

Processing XDC Constraints
Initializing timing engine
Parsing XDC File [/home/matthew/Matthew/UCT/2020/Embedded3/Embedded_Prac5/arpeggiator/arpeggiator.runs/synth_1/.Xil/Vivado-20262-linux/dcp3/blk_mem_gen_0_in_context.xdc] for cell 'bram'
Finished Parsing XDC File [/home/matthew/Matthew/UCT/2020/Embedded3/Embedded_Prac5/arpeggiator/arpeggiator.runs/synth_1/.Xil/Vivado-20262-linux/dcp3/blk_mem_gen_0_in_context.xdc] for cell 'bram'
Parsing XDC File [/home/matthew/Matthew/UCT/2020/Embedded3/Embedded_Prac5/arpeggiator/arpeggiator.srcs/constrs_1/new/constraints.xdc]
Finished Parsing XDC File [/home/matthew/Matthew/UCT/2020/Embedded3/Embedded_Prac5/arpeggiator/arpeggiator.srcs/constrs_1/new/constraints.xdc]
INFO: [Project 1-236] Implementation specific constraints were found while reading constraint file [/home/matthew/Matthew/UCT/2020/Embedded3/Embedded_Prac5/arpeggiator/arpeggiator.srcs/constrs_1/new/constraints.xdc]. These constraints will be ignored for synthesis but will be used in implementation. Impacted constraints are listed in the file [.Xil/arpeggiator_propImpl.xdc].
Resolution: To avoid this warning, move constraints listed in [.Xil/arpeggiator_propImpl.xdc] to another XDC file and exclude this new file from synthesis with the used_in_synthesis property (File Properties dialog in GUI) and re-run elaboration/synthesis.
Completed Processing XDC Constraints

INFO: [Project 1-111] Unisim Transformation Summary:
No Unisim elements were transformed.

Constraint Validation Runtime : Time (s): cpu = 00:00:00 ; elapsed = 00:00:00 . Memory (MB): peak = 1588.438 ; gain = 0.000 ; free physical = 907 ; free virtual = 3775
WARNING: [Timing 38-316] Clock period '20.000' specified during out-of-context synthesis of instance 'bram' at clock pin 'clka' is different from the actual clock period '10.000', this can lead to different synthesis results.
---------------------------------------------------------------------------------
Finished Constraint Validation : Time (s): cpu = 00:00:12 ; elapsed = 00:00:14 . Memory (MB): peak = 1588.438 ; gain = 465.977 ; free physical = 964 ; free virtual = 3833
---------------------------------------------------------------------------------
---------------------------------------------------------------------------------
Start Loading Part and Timing Information
---------------------------------------------------------------------------------
Loading part: xc7a100tcsg324-1
---------------------------------------------------------------------------------
Finished Loading Part and Timing Information : Time (s): cpu = 00:00:12 ; elapsed = 00:00:14 . Memory (MB): peak = 1588.438 ; gain = 465.977 ; free physical = 964 ; free virtual = 3833
---------------------------------------------------------------------------------
---------------------------------------------------------------------------------
Start Applying 'set_property' XDC Constraints
---------------------------------------------------------------------------------
Applied set_property DONT_TOUCH = true for bram. (constraint file  auto generated constraint, line ).
---------------------------------------------------------------------------------
Finished applying 'set_property' XDC Constraints : Time (s): cpu = 00:00:12 ; elapsed = 00:00:14 . Memory (MB): peak = 1588.438 ; gain = 465.977 ; free physical = 966 ; free virtual = 3835
---------------------------------------------------------------------------------
WARNING: [Synth 8-6014] Unused sequential element PWM_ramp_reg was removed.  [/home/matthew/Matthew/UCT/2020/Embedded3/Embedded_Prac5/arpeggiator/arpeggiator.srcs/sources_1/new/PWM.v:33]
INFO: [Synth 8-5544] ROM "note" won't be mapped to Block RAM because address size (3) smaller than threshold (5)
WARNING: [Synth 8-6014] Unused sequential element note_switch_reg was removed.  [/home/matthew/Matthew/UCT/2020/Embedded3/Embedded_Prac5/arpeggiator/arpeggiator.srcs/sources_1/new/arpeggiator.v:77]
WARNING: [Synth 8-6014] Unused sequential element addra_reg was removed.  [/home/matthew/Matthew/UCT/2020/Embedded3/Embedded_Prac5/arpeggiator/arpeggiator.srcs/sources_1/new/arpeggiator.v:50]
---------------------------------------------------------------------------------
Finished RTL Optimization Phase 2 : Time (s): cpu = 00:00:12 ; elapsed = 00:00:14 . Memory (MB): peak = 1588.438 ; gain = 465.977 ; free physical = 947 ; free virtual = 3821
---------------------------------------------------------------------------------

Report RTL Partitions: 
+-+--------------+------------+----------+
| |RTL Partition |Replication |Instances |
+-+--------------+------------+----------+
+-+--------------+------------+----------+
---------------------------------------------------------------------------------
Start RTL Component Statistics 
---------------------------------------------------------------------------------
Detailed RTL Component Info : 
+---Adders : 
	   2 Input     26 Bit       Adders := 1     
	   2 Input     13 Bit       Adders := 1     
	   2 Input     11 Bit       Adders := 2     
	   2 Input      8 Bit       Adders := 1     
	   2 Input      3 Bit       Adders := 1     
+---Registers : 
	               13 Bit    Registers := 1     
	               11 Bit    Registers := 4     
	                8 Bit    Registers := 1     
	                3 Bit    Registers := 1     
	                1 Bit    Registers := 1     
+---Muxes : 
	   2 Input     13 Bit        Muxes := 4     
	   3 Input      3 Bit        Muxes := 1     
	   2 Input      3 Bit        Muxes := 2     
	   2 Input      2 Bit        Muxes := 1     
	   2 Input      1 Bit        Muxes := 1     
	   3 Input      1 Bit        Muxes := 1     
---------------------------------------------------------------------------------
Finished RTL Component Statistics 
---------------------------------------------------------------------------------
---------------------------------------------------------------------------------
Start RTL Hierarchical Component Statistics 
---------------------------------------------------------------------------------
Hierarchical RTL Component report 
Module arpeggiator 
Detailed RTL Component Info : 
+---Adders : 
	   2 Input     26 Bit       Adders := 1     
	   2 Input     13 Bit       Adders := 1     
	   2 Input     11 Bit       Adders := 1     
	   2 Input      8 Bit       Adders := 1     
	   2 Input      3 Bit       Adders := 1     
+---Registers : 
	               13 Bit    Registers := 1     
	               11 Bit    Registers := 2     
	                8 Bit    Registers := 1     
	                3 Bit    Registers := 1     
+---Muxes : 
	   2 Input     13 Bit        Muxes := 4     
	   3 Input      3 Bit        Muxes := 1     
	   2 Input      3 Bit        Muxes := 2     
	   2 Input      2 Bit        Muxes := 1     
	   2 Input      1 Bit        Muxes := 1     
	   3 Input      1 Bit        Muxes := 1     
Module pwm_module 
Detailed RTL Component Info : 
+---Adders : 
	   2 Input     11 Bit       Adders := 1     
+---Registers : 
	               11 Bit    Registers := 2     
	                1 Bit    Registers := 1     
---------------------------------------------------------------------------------
Finished RTL Hierarchical Component Statistics
---------------------------------------------------------------------------------
---------------------------------------------------------------------------------
Start Part Resource Summary
---------------------------------------------------------------------------------
Part Resources:
DSPs: 240 (col length:80)
BRAMs: 270 (col length: RAMB18 80 RAMB36 40)
---------------------------------------------------------------------------------
Finished Part Resource Summary
---------------------------------------------------------------------------------
---------------------------------------------------------------------------------
Start Cross Boundary and Area Optimization
---------------------------------------------------------------------------------
WARNING: [Synth 8-6014] Unused sequential element pwm_mod/PWM_ramp_reg was removed.  [/home/matthew/Matthew/UCT/2020/Embedded3/Embedded_Prac5/arpeggiator/arpeggiator.srcs/sources_1/new/PWM.v:33]
WARNING: [Synth 8-6014] Unused sequential element note_switch_reg was removed.  [/home/matthew/Matthew/UCT/2020/Embedded3/Embedded_Prac5/arpeggiator/arpeggiator.srcs/sources_1/new/arpeggiator.v:77]
WARNING: [Synth 8-6014] Unused sequential element addra_reg was removed.  [/home/matthew/Matthew/UCT/2020/Embedded3/Embedded_Prac5/arpeggiator/arpeggiator.srcs/sources_1/new/arpeggiator.v:50]
WARNING: [Synth 8-3917] design arpeggiator has port AUD_SD driven by constant 1
WARNING: [Synth 8-3331] design arpeggiator has unconnected port LED[2]
WARNING: [Synth 8-3331] design arpeggiator has unconnected port LED[1]
WARNING: [Synth 8-3331] design arpeggiator has unconnected port LED[0]
WARNING: [Synth 8-3331] design arpeggiator has unconnected port BTNL
INFO: [Synth 8-3333] propagating constant 1 across sequential element (\f_base_reg[10] )
WARNING: [Synth 8-3332] Sequential element (f_base_reg[10]) is unused and will be removed from module arpeggiator.
---------------------------------------------------------------------------------
Finished Cross Boundary and Area Optimization : Time (s): cpu = 00:00:13 ; elapsed = 00:00:16 . Memory (MB): peak = 1588.438 ; gain = 465.977 ; free physical = 920 ; free virtual = 3805
---------------------------------------------------------------------------------

Report RTL Partitions: 
+-+--------------+------------+----------+
| |RTL Partition |Replication |Instances |
+-+--------------+------------+----------+
+-+--------------+------------+----------+
---------------------------------------------------------------------------------
Start Applying XDC Timing Constraints
---------------------------------------------------------------------------------
---------------------------------------------------------------------------------
Finished Applying XDC Timing Constraints : Time (s): cpu = 00:00:19 ; elapsed = 00:00:21 . Memory (MB): peak = 1588.438 ; gain = 465.977 ; free physical = 775 ; free virtual = 3673
---------------------------------------------------------------------------------
---------------------------------------------------------------------------------
Start Timing Optimization
---------------------------------------------------------------------------------
---------------------------------------------------------------------------------
Finished Timing Optimization : Time (s): cpu = 00:00:19 ; elapsed = 00:00:22 . Memory (MB): peak = 1588.438 ; gain = 465.977 ; free physical = 764 ; free virtual = 3664
---------------------------------------------------------------------------------

Report RTL Partitions: 
+-+--------------+------------+----------+
| |RTL Partition |Replication |Instances |
+-+--------------+------------+----------+
+-+--------------+------------+----------+
---------------------------------------------------------------------------------
Start Technology Mapping
---------------------------------------------------------------------------------
---------------------------------------------------------------------------------
Finished Technology Mapping : Time (s): cpu = 00:00:19 ; elapsed = 00:00:22 . Memory (MB): peak = 1588.438 ; gain = 465.977 ; free physical = 764 ; free virtual = 3663
---------------------------------------------------------------------------------

Report RTL Partitions: 
+-+--------------+------------+----------+
| |RTL Partition |Replication |Instances |
+-+--------------+------------+----------+
+-+--------------+------------+----------+
---------------------------------------------------------------------------------
Start IO Insertion
---------------------------------------------------------------------------------
---------------------------------------------------------------------------------
Start Flattening Before IO Insertion
---------------------------------------------------------------------------------
---------------------------------------------------------------------------------
Finished Flattening Before IO Insertion
---------------------------------------------------------------------------------
---------------------------------------------------------------------------------
Start Final Netlist Cleanup
---------------------------------------------------------------------------------
---------------------------------------------------------------------------------
Finished Final Netlist Cleanup
---------------------------------------------------------------------------------
---------------------------------------------------------------------------------
Finished IO Insertion : Time (s): cpu = 00:00:20 ; elapsed = 00:00:22 . Memory (MB): peak = 1588.438 ; gain = 465.977 ; free physical = 762 ; free virtual = 3661
---------------------------------------------------------------------------------

Report Check Netlist: 
+------+------------------+-------+---------+-------+------------------+
|      |Item              |Errors |Warnings |Status |Description       |
+------+------------------+-------+---------+-------+------------------+
|1     |multi_driven_nets |      0|        0|Passed |Multi driven nets |
+------+------------------+-------+---------+-------+------------------+
---------------------------------------------------------------------------------
Start Renaming Generated Instances
---------------------------------------------------------------------------------
---------------------------------------------------------------------------------
Finished Renaming Generated Instances : Time (s): cpu = 00:00:20 ; elapsed = 00:00:22 . Memory (MB): peak = 1588.438 ; gain = 465.977 ; free physical = 762 ; free virtual = 3661
---------------------------------------------------------------------------------

Report RTL Partitions: 
+-+--------------+------------+----------+
| |RTL Partition |Replication |Instances |
+-+--------------+------------+----------+
+-+--------------+------------+----------+
---------------------------------------------------------------------------------
Start Rebuilding User Hierarchy
---------------------------------------------------------------------------------
---------------------------------------------------------------------------------
Finished Rebuilding User Hierarchy : Time (s): cpu = 00:00:20 ; elapsed = 00:00:22 . Memory (MB): peak = 1588.438 ; gain = 465.977 ; free physical = 762 ; free virtual = 3662
---------------------------------------------------------------------------------
---------------------------------------------------------------------------------
Start Renaming Generated Ports
---------------------------------------------------------------------------------
---------------------------------------------------------------------------------
Finished Renaming Generated Ports : Time (s): cpu = 00:00:20 ; elapsed = 00:00:22 . Memory (MB): peak = 1588.438 ; gain = 465.977 ; free physical = 762 ; free virtual = 3662
---------------------------------------------------------------------------------
---------------------------------------------------------------------------------
Start Handling Custom Attributes
---------------------------------------------------------------------------------
---------------------------------------------------------------------------------
Finished Handling Custom Attributes : Time (s): cpu = 00:00:20 ; elapsed = 00:00:22 . Memory (MB): peak = 1588.438 ; gain = 465.977 ; free physical = 762 ; free virtual = 3662
---------------------------------------------------------------------------------
---------------------------------------------------------------------------------
Start Renaming Generated Nets
---------------------------------------------------------------------------------
---------------------------------------------------------------------------------
Finished Renaming Generated Nets : Time (s): cpu = 00:00:20 ; elapsed = 00:00:22 . Memory (MB): peak = 1588.438 ; gain = 465.977 ; free physical = 762 ; free virtual = 3662
---------------------------------------------------------------------------------
---------------------------------------------------------------------------------
Start Writing Synthesis Report
---------------------------------------------------------------------------------

Report BlackBoxes: 
+------+--------------+----------+
|      |BlackBox name |Instances |
+------+--------------+----------+
|1     |blk_mem_gen_0 |         1|
+------+--------------+----------+

Report Cell Usage: 
+------+--------------+------+
|      |Cell          |Count |
+------+--------------+------+
|1     |blk_mem_gen_0 |     1|
|2     |BUFG          |     1|
|3     |CARRY4        |    41|
|4     |LUT1          |    77|
|5     |LUT2          |    39|
|6     |LUT3          |    32|
|7     |LUT4          |    65|
|8     |LUT5          |    24|
|9     |LUT6          |    31|
|10    |FDRE          |    94|
|11    |IBUF          |    10|
|12    |OBUF          |     2|
|13    |OBUFT         |     3|
+------+--------------+------+

Report Instance Areas: 
+------+----------+-----------+------+
|      |Instance  |Module     |Cells |
+------+----------+-----------+------+
|1     |top       |           |   430|
|2     |  pwm_mod |pwm_module |    52|
+------+----------+-----------+------+
---------------------------------------------------------------------------------
Finished Writing Synthesis Report : Time (s): cpu = 00:00:20 ; elapsed = 00:00:22 . Memory (MB): peak = 1588.438 ; gain = 465.977 ; free physical = 762 ; free virtual = 3662
---------------------------------------------------------------------------------
Synthesis finished with 0 errors, 0 critical warnings and 12 warnings.
Synthesis Optimization Runtime : Time (s): cpu = 00:00:16 ; elapsed = 00:00:17 . Memory (MB): peak = 1588.438 ; gain = 107.500 ; free physical = 819 ; free virtual = 3717
Synthesis Optimization Complete : Time (s): cpu = 00:00:20 ; elapsed = 00:00:22 . Memory (MB): peak = 1588.438 ; gain = 465.977 ; free physical = 819 ; free virtual = 3717
INFO: [Project 1-571] Translating synthesized netlist
INFO: [Netlist 29-17] Analyzing 51 Unisim elements for replacement
INFO: [Netlist 29-28] Unisim Transformation completed in 0 CPU seconds
INFO: [Project 1-570] Preparing netlist for logic optimization
INFO: [Opt 31-138] Pushed 0 inverter(s) to 0 load pin(s).
INFO: [Project 1-111] Unisim Transformation Summary:
No Unisim elements were transformed.

19 Infos, 19 Warnings, 0 Critical Warnings and 0 Errors encountered.
synth_design completed successfully
synth_design: Time (s): cpu = 00:00:21 ; elapsed = 00:00:24 . Memory (MB): peak = 1596.445 ; gain = 490.566 ; free physical = 798 ; free virtual = 3691
INFO: [Common 17-1381] The checkpoint '/home/matthew/Matthew/UCT/2020/Embedded3/Embedded_Prac5/arpeggiator/arpeggiator.runs/synth_1/arpeggiator.dcp' has been generated.
report_utilization: Time (s): cpu = 00:00:00.08 ; elapsed = 00:00:00.11 . Memory (MB): peak = 1620.457 ; gain = 0.000 ; free physical = 798 ; free virtual = 3691
INFO: [Common 17-206] Exiting Vivado at Tue May 12 20:26:17 2020...
