
*** Running vivado
    with args -log blk_mem_gen_0.vds -m64 -product Vivado -mode batch -messageDb vivado.pb -notrace -source blk_mem_gen_0.tcl


****** Vivado v2017.2 (64-bit)
  **** SW Build 1909853 on Thu Jun 15 18:39:10 MDT 2017
  **** IP Build 1909766 on Thu Jun 15 19:58:00 MDT 2017
    ** Copyright 1986-2017 Xilinx, Inc. All Rights Reserved.

source blk_mem_gen_0.tcl -notrace
Starting RTL Elaboration : Time (s): cpu = 00:00:04 ; elapsed = 00:00:04 . Memory (MB): peak = 1189.465 ; gain = 70.996 ; free physical = 425 ; free virtual = 5558
INFO: [Synth 8-638] synthesizing module 'blk_mem_gen_0' [/home/matthew/Matthew/UCT/2020/Embedded3/Embedded_Prac5/arpeggiator/arpeggiator.srcs/sources_1/ip/blk_mem_gen_0/synth/blk_mem_gen_0.vhd:70]
INFO: [Synth 8-256] done synthesizing module 'blk_mem_gen_0' (9#1) [/home/matthew/Matthew/UCT/2020/Embedded3/Embedded_Prac5/arpeggiator/arpeggiator.srcs/sources_1/ip/blk_mem_gen_0/synth/blk_mem_gen_0.vhd:70]
Finished RTL Elaboration : Time (s): cpu = 00:00:44 ; elapsed = 00:00:45 . Memory (MB): peak = 1390.168 ; gain = 271.699 ; free physical = 402 ; free virtual = 5538
Finished RTL Optimization Phase 1 : Time (s): cpu = 00:00:44 ; elapsed = 00:00:45 . Memory (MB): peak = 1390.168 ; gain = 271.699 ; free physical = 406 ; free virtual = 5542
INFO: [Device 21-403] Loading part xc7a100tcsg324-1
Constraint Validation Runtime : Time (s): cpu = 00:00:00.02 ; elapsed = 00:00:00.04 . Memory (MB): peak = 1515.207 ; gain = 0.000 ; free physical = 175 ; free virtual = 5312
Finished Constraint Validation : Time (s): cpu = 00:00:51 ; elapsed = 00:00:52 . Memory (MB): peak = 1515.207 ; gain = 396.738 ; free physical = 233 ; free virtual = 5370
Finished Loading Part and Timing Information : Time (s): cpu = 00:00:51 ; elapsed = 00:00:53 . Memory (MB): peak = 1515.207 ; gain = 396.738 ; free physical = 233 ; free virtual = 5370
Finished applying 'set_property' XDC Constraints : Time (s): cpu = 00:00:51 ; elapsed = 00:00:53 . Memory (MB): peak = 1515.207 ; gain = 396.738 ; free physical = 235 ; free virtual = 5372
Finished RTL Optimization Phase 2 : Time (s): cpu = 00:00:52 ; elapsed = 00:00:53 . Memory (MB): peak = 1515.207 ; gain = 396.738 ; free physical = 228 ; free virtual = 5365
Finished Cross Boundary and Area Optimization : Time (s): cpu = 00:00:52 ; elapsed = 00:00:53 . Memory (MB): peak = 1515.207 ; gain = 396.738 ; free physical = 228 ; free virtual = 5365
Finished Applying XDC Timing Constraints : Time (s): cpu = 00:00:56 ; elapsed = 00:00:58 . Memory (MB): peak = 1516.191 ; gain = 397.723 ; free physical = 123 ; free virtual = 5260
Finished Timing Optimization : Time (s): cpu = 00:00:56 ; elapsed = 00:00:58 . Memory (MB): peak = 1516.191 ; gain = 397.723 ; free physical = 123 ; free virtual = 5260
Finished Technology Mapping : Time (s): cpu = 00:00:56 ; elapsed = 00:00:58 . Memory (MB): peak = 1525.207 ; gain = 406.738 ; free physical = 173 ; free virtual = 5258
Finished IO Insertion : Time (s): cpu = 00:00:57 ; elapsed = 00:00:58 . Memory (MB): peak = 1525.207 ; gain = 406.738 ; free physical = 175 ; free virtual = 5260
Finished Renaming Generated Instances : Time (s): cpu = 00:00:57 ; elapsed = 00:00:58 . Memory (MB): peak = 1525.207 ; gain = 406.738 ; free physical = 175 ; free virtual = 5260
Finished Rebuilding User Hierarchy : Time (s): cpu = 00:00:57 ; elapsed = 00:00:58 . Memory (MB): peak = 1525.207 ; gain = 406.738 ; free physical = 175 ; free virtual = 5260
Finished Renaming Generated Ports : Time (s): cpu = 00:00:57 ; elapsed = 00:00:58 . Memory (MB): peak = 1525.207 ; gain = 406.738 ; free physical = 175 ; free virtual = 5260
Finished Handling Custom Attributes : Time (s): cpu = 00:00:57 ; elapsed = 00:00:58 . Memory (MB): peak = 1525.207 ; gain = 406.738 ; free physical = 175 ; free virtual = 5260
Finished Renaming Generated Nets : Time (s): cpu = 00:00:57 ; elapsed = 00:00:58 . Memory (MB): peak = 1525.207 ; gain = 406.738 ; free physical = 175 ; free virtual = 5260

Report Cell Usage: 
+------+---------+------+
|      |Cell     |Count |
+------+---------+------+
|1     |RAMB18E1 |     1|
+------+---------+------+
Finished Writing Synthesis Report : Time (s): cpu = 00:00:57 ; elapsed = 00:00:58 . Memory (MB): peak = 1525.207 ; gain = 406.738 ; free physical = 175 ; free virtual = 5260
synth_design: Time (s): cpu = 00:00:58 ; elapsed = 00:00:59 . Memory (MB): peak = 1532.207 ; gain = 426.324 ; free physical = 201 ; free virtual = 5285
