
*** Running vivado
    with args -log blk_mem_gen_1.vds -m64 -product Vivado -mode batch -messageDb vivado.pb -notrace -source blk_mem_gen_1.tcl


****** Vivado v2017.2 (64-bit)
  **** SW Build 1909853 on Thu Jun 15 18:39:10 MDT 2017
  **** IP Build 1909766 on Thu Jun 15 19:58:00 MDT 2017
    ** Copyright 1986-2017 Xilinx, Inc. All Rights Reserved.

source blk_mem_gen_1.tcl -notrace
Starting RTL Elaboration : Time (s): cpu = 00:00:04 ; elapsed = 00:00:04 . Memory (MB): peak = 1189.461 ; gain = 70.996 ; free physical = 1085 ; free virtual = 3930
INFO: [Synth 8-638] synthesizing module 'blk_mem_gen_1' [/home/matthew/Matthew/UCT/2020/Embedded3/Embedded_Prac5/arpeggiator/arpeggiator.srcs/sources_1/ip/blk_mem_gen_1/synth/blk_mem_gen_1.vhd:70]
INFO: [Synth 8-256] done synthesizing module 'blk_mem_gen_1' (9#1) [/home/matthew/Matthew/UCT/2020/Embedded3/Embedded_Prac5/arpeggiator/arpeggiator.srcs/sources_1/ip/blk_mem_gen_1/synth/blk_mem_gen_1.vhd:70]
Finished RTL Elaboration : Time (s): cpu = 00:00:43 ; elapsed = 00:00:43 . Memory (MB): peak = 1389.859 ; gain = 271.395 ; free physical = 1067 ; free virtual = 3913
Finished RTL Optimization Phase 1 : Time (s): cpu = 00:00:43 ; elapsed = 00:00:43 . Memory (MB): peak = 1389.859 ; gain = 271.395 ; free physical = 1073 ; free virtual = 3919
INFO: [Device 21-403] Loading part xc7a100tcsg324-1
Constraint Validation Runtime : Time (s): cpu = 00:00:00.02 ; elapsed = 00:00:00.04 . Memory (MB): peak = 1515.891 ; gain = 0.000 ; free physical = 843 ; free virtual = 3688
Finished Constraint Validation : Time (s): cpu = 00:00:50 ; elapsed = 00:00:51 . Memory (MB): peak = 1515.891 ; gain = 397.426 ; free physical = 920 ; free virtual = 3766
Finished Loading Part and Timing Information : Time (s): cpu = 00:00:50 ; elapsed = 00:00:51 . Memory (MB): peak = 1515.891 ; gain = 397.426 ; free physical = 920 ; free virtual = 3766
Finished applying 'set_property' XDC Constraints : Time (s): cpu = 00:00:50 ; elapsed = 00:00:51 . Memory (MB): peak = 1515.891 ; gain = 397.426 ; free physical = 920 ; free virtual = 3766
Finished RTL Optimization Phase 2 : Time (s): cpu = 00:00:51 ; elapsed = 00:00:51 . Memory (MB): peak = 1515.891 ; gain = 397.426 ; free physical = 913 ; free virtual = 3758
Finished Cross Boundary and Area Optimization : Time (s): cpu = 00:00:51 ; elapsed = 00:00:51 . Memory (MB): peak = 1515.891 ; gain = 397.426 ; free physical = 913 ; free virtual = 3759
Finished Applying XDC Timing Constraints : Time (s): cpu = 00:00:56 ; elapsed = 00:00:56 . Memory (MB): peak = 1515.891 ; gain = 397.426 ; free physical = 790 ; free virtual = 3636
Finished Timing Optimization : Time (s): cpu = 00:00:56 ; elapsed = 00:00:56 . Memory (MB): peak = 1515.891 ; gain = 397.426 ; free physical = 790 ; free virtual = 3636
Finished Technology Mapping : Time (s): cpu = 00:00:56 ; elapsed = 00:00:56 . Memory (MB): peak = 1525.891 ; gain = 407.426 ; free physical = 788 ; free virtual = 3634
Finished IO Insertion : Time (s): cpu = 00:00:56 ; elapsed = 00:00:57 . Memory (MB): peak = 1525.891 ; gain = 407.426 ; free physical = 788 ; free virtual = 3634
Finished Renaming Generated Instances : Time (s): cpu = 00:00:56 ; elapsed = 00:00:57 . Memory (MB): peak = 1525.891 ; gain = 407.426 ; free physical = 788 ; free virtual = 3634
Finished Rebuilding User Hierarchy : Time (s): cpu = 00:00:56 ; elapsed = 00:00:57 . Memory (MB): peak = 1525.891 ; gain = 407.426 ; free physical = 788 ; free virtual = 3634
Finished Renaming Generated Ports : Time (s): cpu = 00:00:56 ; elapsed = 00:00:57 . Memory (MB): peak = 1525.891 ; gain = 407.426 ; free physical = 788 ; free virtual = 3634
Finished Handling Custom Attributes : Time (s): cpu = 00:00:56 ; elapsed = 00:00:57 . Memory (MB): peak = 1525.891 ; gain = 407.426 ; free physical = 788 ; free virtual = 3634
Finished Renaming Generated Nets : Time (s): cpu = 00:00:56 ; elapsed = 00:00:57 . Memory (MB): peak = 1525.891 ; gain = 407.426 ; free physical = 788 ; free virtual = 3634

Report Cell Usage: 
+------+---------+------+
|      |Cell     |Count |
+------+---------+------+
|1     |RAMB18E1 |     1|
+------+---------+------+
Finished Writing Synthesis Report : Time (s): cpu = 00:00:56 ; elapsed = 00:00:57 . Memory (MB): peak = 1525.891 ; gain = 407.426 ; free physical = 788 ; free virtual = 3634
synth_design: Time (s): cpu = 00:00:57 ; elapsed = 00:00:58 . Memory (MB): peak = 1531.891 ; gain = 426.012 ; free physical = 817 ; free virtual = 3663
