
*** Running vivado
    with args -log blk_mem_gen_1.vds -m64 -product Vivado -mode batch -messageDb vivado.pb -notrace -source blk_mem_gen_1.tcl


****** Vivado v2017.2 (64-bit)
  **** SW Build 1909853 on Thu Jun 15 18:39:10 MDT 2017
  **** IP Build 1909766 on Thu Jun 15 19:58:00 MDT 2017
    ** Copyright 1986-2017 Xilinx, Inc. All Rights Reserved.

source blk_mem_gen_1.tcl -notrace
Starting RTL Elaboration : Time (s): cpu = 00:00:04 ; elapsed = 00:00:05 . Memory (MB): peak = 1189.461 ; gain = 70.996 ; free physical = 3483 ; free virtual = 7569
INFO: [Synth 8-638] synthesizing module 'blk_mem_gen_1' [/home/matthew/Matthew/UCT/2020/Embedded3/Embedded_Prac5/arpeggiator/arpeggiator.srcs/sources_1/ip/blk_mem_gen_1/synth/blk_mem_gen_1.vhd:70]
INFO: [Synth 8-256] done synthesizing module 'blk_mem_gen_1' (9#1) [/home/matthew/Matthew/UCT/2020/Embedded3/Embedded_Prac5/arpeggiator/arpeggiator.srcs/sources_1/ip/blk_mem_gen_1/synth/blk_mem_gen_1.vhd:70]
Finished RTL Elaboration : Time (s): cpu = 00:00:44 ; elapsed = 00:00:45 . Memory (MB): peak = 1389.859 ; gain = 271.395 ; free physical = 3458 ; free virtual = 7544
Finished RTL Optimization Phase 1 : Time (s): cpu = 00:00:44 ; elapsed = 00:00:45 . Memory (MB): peak = 1389.859 ; gain = 271.395 ; free physical = 3462 ; free virtual = 7549
INFO: [Device 21-403] Loading part xc7a100tcsg324-1
Constraint Validation Runtime : Time (s): cpu = 00:00:00.04 ; elapsed = 00:00:00.12 . Memory (MB): peak = 1515.891 ; gain = 0.000 ; free physical = 3218 ; free virtual = 7320
Finished Constraint Validation : Time (s): cpu = 00:00:52 ; elapsed = 00:00:55 . Memory (MB): peak = 1515.891 ; gain = 397.426 ; free physical = 3281 ; free virtual = 7388
Finished Loading Part and Timing Information : Time (s): cpu = 00:00:52 ; elapsed = 00:00:55 . Memory (MB): peak = 1515.891 ; gain = 397.426 ; free physical = 3281 ; free virtual = 7388
Finished applying 'set_property' XDC Constraints : Time (s): cpu = 00:00:52 ; elapsed = 00:00:55 . Memory (MB): peak = 1515.891 ; gain = 397.426 ; free physical = 3281 ; free virtual = 7388
Finished RTL Optimization Phase 2 : Time (s): cpu = 00:00:52 ; elapsed = 00:00:55 . Memory (MB): peak = 1515.891 ; gain = 397.426 ; free physical = 3273 ; free virtual = 7380
Finished Cross Boundary and Area Optimization : Time (s): cpu = 00:00:52 ; elapsed = 00:00:55 . Memory (MB): peak = 1515.891 ; gain = 397.426 ; free physical = 3274 ; free virtual = 7381
Finished Applying XDC Timing Constraints : Time (s): cpu = 00:00:57 ; elapsed = 00:01:00 . Memory (MB): peak = 1515.891 ; gain = 397.426 ; free physical = 3155 ; free virtual = 7269
Finished Timing Optimization : Time (s): cpu = 00:00:57 ; elapsed = 00:01:00 . Memory (MB): peak = 1515.891 ; gain = 397.426 ; free physical = 3154 ; free virtual = 7269
Finished Technology Mapping : Time (s): cpu = 00:00:58 ; elapsed = 00:01:00 . Memory (MB): peak = 1525.891 ; gain = 407.426 ; free physical = 3150 ; free virtual = 7265
Finished IO Insertion : Time (s): cpu = 00:00:58 ; elapsed = 00:01:01 . Memory (MB): peak = 1525.891 ; gain = 407.426 ; free physical = 3151 ; free virtual = 7265
Finished Renaming Generated Instances : Time (s): cpu = 00:00:58 ; elapsed = 00:01:01 . Memory (MB): peak = 1525.891 ; gain = 407.426 ; free physical = 3151 ; free virtual = 7265
Finished Rebuilding User Hierarchy : Time (s): cpu = 00:00:58 ; elapsed = 00:01:01 . Memory (MB): peak = 1525.891 ; gain = 407.426 ; free physical = 3151 ; free virtual = 7265
Finished Renaming Generated Ports : Time (s): cpu = 00:00:58 ; elapsed = 00:01:01 . Memory (MB): peak = 1525.891 ; gain = 407.426 ; free physical = 3151 ; free virtual = 7265
Finished Handling Custom Attributes : Time (s): cpu = 00:00:58 ; elapsed = 00:01:01 . Memory (MB): peak = 1525.891 ; gain = 407.426 ; free physical = 3151 ; free virtual = 7265
Finished Renaming Generated Nets : Time (s): cpu = 00:00:58 ; elapsed = 00:01:01 . Memory (MB): peak = 1525.891 ; gain = 407.426 ; free physical = 3151 ; free virtual = 7265

Report Cell Usage: 
+------+---------+------+
|      |Cell     |Count |
+------+---------+------+
|1     |RAMB18E1 |     1|
+------+---------+------+
Finished Writing Synthesis Report : Time (s): cpu = 00:00:58 ; elapsed = 00:01:01 . Memory (MB): peak = 1525.891 ; gain = 407.426 ; free physical = 3151 ; free virtual = 7265
synth_design: Time (s): cpu = 00:00:59 ; elapsed = 00:01:02 . Memory (MB): peak = 1531.891 ; gain = 426.012 ; free physical = 3177 ; free virtual = 7292
